<?xml version="1.0" encoding="UTF-8"?>
<testsuite xmlns:xsi="http://www.w3.org/2001/XMLSchema-instance" xsi:noNamespaceSchemaLocation="https://maven.apache.org/surefire/maven-surefire-plugin/xsd/surefire-test-report.xsd" name="it.addvalue.chronos.ChronosApplicationTests" time="26.389" tests="1" errors="1" skipped="0" failures="0">
  <properties>
[...]
</properties>
  <testcase name="contextLoads" classname="it.addvalue.chronos.ChronosApplicationTests" time="4.764">
    <error message="Failed to start bean &apos;webServerStartStop&apos;; nested exception is org.springframework.boot.web.server.PortInUseException: Port 8080 is already in use" type="org.springframework.context.ApplicationContextException">org.springframework.context.ApplicationContextException: Failed to start bean 'webServerStartStop'; nested exception is org.springframework.boot.web.server.PortInUseException: Port 8080 is already in use
	at it.addvalue.chronos.ChronosApplicationTests.contextLoads(ChronosApplicationTests.java:14)
Caused by: org.springframework.boot.web.server.PortInUseException: Port 8080 is already in use
	at it.addvalue.chronos.ChronosApplicationTests.contextLoads(ChronosApplicationTests.java:14)
Caused by: java.lang.IllegalArgumentException: standardService.connector.startFailed
	at it.addvalue.chronos.ChronosApplicationTests.contextLoads(ChronosApplicationTests.java:14)
Caused by: org.apache.catalina.LifecycleException: Protocol handler start failed
	at it.addvalue.chronos.ChronosApplicationTests.contextLoads(ChronosApplicationTests.java:14)
Caused by: java.net.BindException: Address already in use: bind
	at it.addvalue.chronos.ChronosApplicationTests.contextLoads(ChronosApplicationTests.java:14)
</error>
    <system-out><![CDATA[14:48:36.009 [main] DEBUG org.springframework.test.context.BootstrapUtils - Instantiating CacheAwareContextLoaderDelegate from class [org.springframework.test.context.cache.DefaultCacheAwareContextLoaderDelegate]
14:48:36.053 [main] DEBUG org.springframework.test.context.BootstrapUtils - Instantiating BootstrapContext using constructor [public org.springframework.test.context.support.DefaultBootstrapContext(java.lang.Class,org.springframework.test.context.CacheAwareContextLoaderDelegate)]
14:48:36.142 [main] DEBUG org.springframework.test.context.BootstrapUtils - Instantiating TestContextBootstrapper for test class [it.addvalue.chronos.ChronosApplicationTests] from class [org.springframework.boot.test.context.SpringBootTestContextBootstrapper]
14:48:36.195 [main] INFO org.springframework.boot.test.context.SpringBootTestContextBootstrapper - Neither @ContextConfiguration nor @ContextHierarchy found for test class [it.addvalue.chronos.ChronosApplicationTests], using SpringBootContextLoader
14:48:36.211 [main] DEBUG org.springframework.test.context.support.AbstractContextLoader - Did not detect default resource location for test class [it.addvalue.chronos.ChronosApplicationTests]: class path resource [it/addvalue/chronos/ChronosApplicationTests-context.xml] does not exist
14:48:36.213 [main] DEBUG org.springframework.test.context.support.AbstractContextLoader - Did not detect default resource location for test class [it.addvalue.chronos.ChronosApplicationTests]: class path resource [it/addvalue/chronos/ChronosApplicationTestsContext.groovy] does not exist
14:48:36.213 [main] INFO org.springframework.test.context.support.AbstractContextLoader - Could not detect default resource locations for test class [it.addvalue.chronos.ChronosApplicationTests]: no resource found for suffixes {-context.xml, Context.groovy}.
14:48:36.238 [main] INFO org.springframework.test.context.support.AnnotationConfigContextLoaderUtils - Could not detect default configuration classes for test class [it.addvalue.chronos.ChronosApplicationTests]: ChronosApplicationTests does not declare any static, non-private, non-final, nested classes annotated with @Configuration.
14:48:36.506 [main] DEBUG org.springframework.test.context.support.ActiveProfilesUtils - Could not find an 'annotation declaring class' for annotation type [org.springframework.test.context.ActiveProfiles] and class [it.addvalue.chronos.ChronosApplicationTests]
14:48:36.737 [main] DEBUG org.springframework.context.annotation.ClassPathScanningCandidateComponentProvider - Identified candidate component class: file [C:\Users\19357\Desktop\Work_PCTO\3_settimana\chronos\chronos\target\classes\it\addvalue\chronos\ChronosApplication.class]
14:48:36.738 [main] INFO org.springframework.boot.test.context.SpringBootTestContextBootstrapper - Found @SpringBootConfiguration it.addvalue.chronos.ChronosApplication for test class it.addvalue.chronos.ChronosApplicationTests
14:48:37.167 [main] DEBUG org.springframework.boot.test.context.SpringBootTestContextBootstrapper - @TestExecutionListeners is not present for class [it.addvalue.chronos.ChronosApplicationTests]: using defaults.
14:48:37.168 [main] INFO org.springframework.boot.test.context.SpringBootTestContextBootstrapper - Loaded default TestExecutionListener class names from location [META-INF/spring.factories]: [org.springframework.boot.test.mock.mockito.MockitoTestExecutionListener, org.springframework.boot.test.mock.mockito.ResetMocksTestExecutionListener, org.springframework.boot.test.autoconfigure.restdocs.RestDocsTestExecutionListener, org.springframework.boot.test.autoconfigure.web.client.MockRestServiceServerResetTestExecutionListener, org.springframework.boot.test.autoconfigure.web.servlet.MockMvcPrintOnlyOnFailureTestExecutionListener, org.springframework.boot.test.autoconfigure.web.servlet.WebDriverTestExecutionListener, org.springframework.boot.test.autoconfigure.webservices.client.MockWebServiceServerTestExecutionListener, org.springframework.test.context.web.ServletTestExecutionListener, org.springframework.test.context.support.DirtiesContextBeforeModesTestExecutionListener, org.springframework.test.context.event.ApplicationEventsTestExecutionListener, org.springframework.test.context.support.DependencyInjectionTestExecutionListener, org.springframework.test.context.support.DirtiesContextTestExecutionListener, org.springframework.test.context.transaction.TransactionalTestExecutionListener, org.springframework.test.context.jdbc.SqlScriptsTestExecutionListener, org.springframework.test.context.event.EventPublishingTestExecutionListener]
14:48:37.246 [main] INFO org.springframework.boot.test.context.SpringBootTestContextBootstrapper - Using TestExecutionListeners: [org.springframework.test.context.web.ServletTestExecutionListener@3c8758d1, org.springframework.test.context.support.DirtiesContextBeforeModesTestExecutionListener@166ddfb7, org.springframework.test.context.event.ApplicationEventsTestExecutionListener@5da3f32a, org.springframework.boot.test.mock.mockito.MockitoTestExecutionListener@57b3d869, org.springframework.boot.test.autoconfigure.SpringBootDependencyInjectionTestExecutionListener@51f4439e, org.springframework.test.context.support.DirtiesContextTestExecutionListener@291cbe70, org.springframework.test.context.transaction.TransactionalTestExecutionListener@6be422da, org.springframework.test.context.jdbc.SqlScriptsTestExecutionListener@225ddf5f, org.springframework.test.context.event.EventPublishingTestExecutionListener@51468039, org.springframework.boot.test.mock.mockito.ResetMocksTestExecutionListener@1d654b5f, org.springframework.boot.test.autoconfigure.restdocs.RestDocsTestExecutionListener@575d48db, org.springframework.boot.test.autoconfigure.web.client.MockRestServiceServerResetTestExecutionListener@1b36d248, org.springframework.boot.test.autoconfigure.web.servlet.MockMvcPrintOnlyOnFailureTestExecutionListener@7e94de5f, org.springframework.boot.test.autoconfigure.web.servlet.WebDriverTestExecutionListener@499c4d61, org.springframework.boot.test.autoconfigure.webservices.client.MockWebServiceServerTestExecutionListener@74badf19]
14:48:37.320 [main] DEBUG org.springframework.test.context.support.TestPropertySourceUtils - Adding inlined properties to environment: {spring.jmx.enabled=false, org.springframework.boot.test.context.SpringBootTestContextBootstrapper=true}
     ___       _______   _______     ____    ____      ___       __       __    __   _______ 
    /   \     |       \ |       \    \   \  /   /     /   \     |  |     |  |  |  | |   ____|
   /  ^  \    |  .--.  ||  .--.  |    \   \/   /     /  ^  \    |  |     |  |  |  | |  |__   
  /  /_\  \   |  |  |  ||  |  |  |     \      /     /  /_\  \   |  |     |  |  |  | |   __|  
 /  _____  \  |  '--'  ||  '--'  |      \    /     /  _____  \  |  `----.|  `--'  | |  |____ 
/__/     \__\ |_______/ |_______/        \__/     /__/     \__\ |_______| \______/  |_______|

.______________________________________________________________________________________________.
|______________________________________________________________________________________________|

                ______  __    __  .______        ______   .__   __.   ______        _______.
               /      ||  |  |  | |   _  \      /  __  \  |  \ |  |  /  __  \      /       |
              |  ,----'|  |__|  | |  |_)  |    |  |  |  | |   \|  | |  |  |  |    |   (----`
              |  |     |   __   | |      /     |  |  |  | |  . `  | |  |  |  |     \   \    
              |  `----.|  |  |  | |  |\  \----.|  `--'  | |  |\   | |  `--'  | .----)   |   
               \______||__|  |__| | _| `._____| \______/  |__| \__|  \______/  |_______/   

2023-06-20 14:48:39.131  INFO 1932 --- [           main] i.a.chronos.ChronosApplicationTests      : Starting ChronosApplicationTests using Java 11.0.18 on LAPTOP-T6LLP310 with PID 1932 (started by 19357 in C:\Users\19357\Desktop\Work_PCTO\3_settimana\chronos\chronos)
2023-06-20 14:48:39.133 DEBUG 1932 --- [           main] i.a.chronos.ChronosApplicationTests      : Running with Spring Boot v2.4.3, Spring v5.3.4
2023-06-20 14:48:39.148  INFO 1932 --- [           main] i.a.chronos.ChronosApplicationTests      : The following profiles are active: dev
2023-06-20 14:48:43.546  INFO 1932 --- [           main] .s.d.r.c.RepositoryConfigurationDelegate : Bootstrapping Spring Data JPA repositories in DEFAULT mode.
2023-06-20 14:48:43.707  INFO 1932 --- [           main] .s.d.r.c.RepositoryConfigurationDelegate : Finished Spring Data repository scanning in 140 ms. Found 2 JPA repository interfaces.
2023-06-20 14:48:45.874  INFO 1932 --- [           main] o.hibernate.jpa.internal.util.LogHelper  : HHH000204: Processing PersistenceUnitInfo [name: default]
2023-06-20 14:48:46.211  INFO 1932 --- [           main] org.hibernate.Version                    : HHH000412: Hibernate ORM core version 5.4.28.Final
2023-06-20 14:48:46.676  INFO 1932 --- [           main] o.hibernate.annotations.common.Version   : HCANN000001: Hibernate Commons Annotations {5.1.2.Final}
2023-06-20 14:48:47.401  INFO 1932 --- [           main] com.zaxxer.hikari.HikariDataSource       : HikariPool-1 - Starting...
2023-06-20 14:48:48.246  INFO 1932 --- [           main] com.zaxxer.hikari.HikariDataSource       : HikariPool-1 - Start completed.
2023-06-20 14:48:48.314  INFO 1932 --- [           main] org.hibernate.dialect.Dialect            : HHH000400: Using dialect: org.hibernate.dialect.SQLServer2012Dialect
2023-06-20 14:48:51.048  INFO 1932 --- [           main] o.h.e.t.j.p.i.JtaPlatformInitiator       : HHH000490: Using JtaPlatform implementation: [org.hibernate.engine.transaction.jta.platform.internal.NoJtaPlatform]
2023-06-20 14:48:51.068  INFO 1932 --- [           main] j.LocalContainerEntityManagerFactoryBean : Initialized JPA EntityManagerFactory for persistence unit 'default'
2023-06-20 14:48:53.001  WARN 1932 --- [           main] JpaBaseConfiguration$JpaWebConfiguration : spring.jpa.open-in-view is enabled by default. Therefore, database queries may be performed during view rendering. Explicitly configure spring.jpa.open-in-view to disable this warning
2023-06-20 14:48:54.167  INFO 1932 --- [           main] o.s.b.a.e.web.EndpointLinksResolver      : Exposing 2 endpoint(s) beneath base path '/actuator'
2023-06-20 14:48:57.112  INFO 1932 --- [           main] i.a.chronos.ChronosApplicationTests      : Started ChronosApplicationTests in 19.769 seconds (JVM running for 26.731)
     ___       _______   _______     ____    ____      ___       __       __    __   _______ 
    /   \     |       \ |       \    \   \  /   /     /   \     |  |     |  |  |  | |   ____|
   /  ^  \    |  .--.  ||  .--.  |    \   \/   /     /  ^  \    |  |     |  |  |  | |  |__   
  /  /_\  \   |  |  |  ||  |  |  |     \      /     /  /_\  \   |  |     |  |  |  | |   __|  
 /  _____  \  |  '--'  ||  '--'  |      \    /     /  _____  \  |  `----.|  `--'  | |  |____ 
/__/     \__\ |_______/ |_______/        \__/     /__/     \__\ |_______| \______/  |_______|

.______________________________________________________________________________________________.
|______________________________________________________________________________________________|

                ______  __    __  .______        ______   .__   __.   ______        _______.
               /      ||  |  |  | |   _  \      /  __  \  |  \ |  |  /  __  \      /       |
              |  ,----'|  |__|  | |  |_)  |    |  |  |  | |   \|  | |  |  |  |    |   (----`
              |  |     |   __   | |      /     |  |  |  | |  . `  | |  |  |  |     \   \    
              |  `----.|  |  |  | |  |\  \----.|  `--'  | |  |\   | |  `--'  | .----)   |   
               \______||__|  |__| | _| `._____| \______/  |__| \__|  \______/  |_______/   

2023-06-20 14:48:57.589  INFO 1932 --- [           main] it.addvalue.chronos.ChronosApplication   : Starting ChronosApplication using Java 11.0.18 on LAPTOP-T6LLP310 with PID 1932 (started by 19357 in C:\Users\19357\Desktop\Work_PCTO\3_settimana\chronos\chronos)
2023-06-20 14:48:57.593 DEBUG 1932 --- [           main] it.addvalue.chronos.ChronosApplication   : Running with Spring Boot v2.4.3, Spring v5.3.4
2023-06-20 14:48:57.595  INFO 1932 --- [           main] it.addvalue.chronos.ChronosApplication   : The following profiles are active: dev
2023-06-20 14:48:58.740  INFO 1932 --- [           main] .s.d.r.c.RepositoryConfigurationDelegate : Bootstrapping Spring Data JPA repositories in DEFAULT mode.
2023-06-20 14:48:58.817  INFO 1932 --- [           main] .s.d.r.c.RepositoryConfigurationDelegate : Finished Spring Data repository scanning in 73 ms. Found 2 JPA repository interfaces.
2023-06-20 14:48:59.631  INFO 1932 --- [           main] o.s.b.w.embedded.tomcat.TomcatWebServer  : Tomcat initialized with port(s): 8080 (http)
2023-06-20 14:48:59.676  INFO 1932 --- [           main] o.apache.catalina.core.StandardService   : Starting service [Tomcat]
2023-06-20 14:48:59.677  INFO 1932 --- [           main] org.apache.catalina.core.StandardEngine  : Starting Servlet engine: [Apache Tomcat/9.0.43]
2023-06-20 14:49:00.106  INFO 1932 --- [           main] o.a.c.c.C.[.[localhost].[/chronos]       : Initializing Spring embedded WebApplicationContext
2023-06-20 14:49:00.107  INFO 1932 --- [           main] w.s.c.ServletWebServerApplicationContext : Root WebApplicationContext: initialization completed in 2505 ms
2023-06-20 14:49:00.408  INFO 1932 --- [           main] o.hibernate.jpa.internal.util.LogHelper  : HHH000204: Processing PersistenceUnitInfo [name: default]
2023-06-20 14:49:00.424  INFO 1932 --- [           main] com.zaxxer.hikari.HikariDataSource       : HikariPool-2 - Starting...
2023-06-20 14:49:00.492  INFO 1932 --- [           main] com.zaxxer.hikari.HikariDataSource       : HikariPool-2 - Start completed.
2023-06-20 14:49:00.493  INFO 1932 --- [           main] org.hibernate.dialect.Dialect            : HHH000400: Using dialect: org.hibernate.dialect.SQLServer2012Dialect
2023-06-20 14:49:00.855  INFO 1932 --- [           main] o.h.e.t.j.p.i.JtaPlatformInitiator       : HHH000490: Using JtaPlatform implementation: [org.hibernate.engine.transaction.jta.platform.internal.NoJtaPlatform]
2023-06-20 14:49:00.856  INFO 1932 --- [           main] j.LocalContainerEntityManagerFactoryBean : Initialized JPA EntityManagerFactory for persistence unit 'default'
2023-06-20 14:49:01.350  WARN 1932 --- [           main] JpaBaseConfiguration$JpaWebConfiguration : spring.jpa.open-in-view is enabled by default. Therefore, database queries may be performed during view rendering. Explicitly configure spring.jpa.open-in-view to disable this warning
2023-06-20 14:49:01.491  INFO 1932 --- [           main] o.s.b.a.e.web.EndpointLinksResolver      : Exposing 2 endpoint(s) beneath base path '/actuator'
2023-06-20 14:49:01.904  WARN 1932 --- [           main] ConfigServletWebServerApplicationContext : Exception encountered during context initialization - cancelling refresh attempt: org.springframework.context.ApplicationContextException: Failed to start bean 'webServerStartStop'; nested exception is org.springframework.boot.web.server.PortInUseException: Port 8080 is already in use
2023-06-20 14:49:01.917  INFO 1932 --- [           main] j.LocalContainerEntityManagerFactoryBean : Closing JPA EntityManagerFactory for persistence unit 'default'
2023-06-20 14:49:01.922  INFO 1932 --- [           main] com.zaxxer.hikari.HikariDataSource       : HikariPool-2 - Shutdown initiated...
2023-06-20 14:49:01.936  INFO 1932 --- [           main] com.zaxxer.hikari.HikariDataSource       : HikariPool-2 - Shutdown completed.
2023-06-20 14:49:01.941  INFO 1932 --- [           main] o.apache.catalina.core.StandardService   : Stopping service [Tomcat]
2023-06-20 14:49:01.962  INFO 1932 --- [           main] ConditionEvaluationReportLoggingListener : 

Error starting ApplicationContext. To display the conditions report re-run your application with 'debug' enabled.
2023-06-20 14:49:02.002 ERROR 1932 --- [           main] o.s.b.d.LoggingFailureAnalysisReporter   : 

***************************
APPLICATION FAILED TO START
***************************

Description:

Web server failed to start. Port 8080 was already in use.

Action:

Identify and stop the process that's listening on port 8080 or configure this application to listen on another port.

]]></system-out>
  </testcase>
</testsuite>